2018-06-07 05:12:19,239 INFO [main] k.a.h.c.HelloSpringBootApplication [StartupInfoLogger.java:48] Starting HelloSpringBootApplication on DESKTOP-JES43GO with PID 5892 (C:\Users\khl08\Desktop\web\dev\workspace\helloSpringBoot\target\classes started by Haneul in C:\Users\khl08\Desktop\web\dev\workspace\helloSpringBoot)
2018-06-07 05:12:19,242 DEBUG [main] k.a.h.c.HelloSpringBootApplication [StartupInfoLogger.java:51] Running with Spring Boot v1.5.13.RELEASE, Spring v4.3.17.RELEASE
2018-06-07 05:12:19,243 INFO [main] k.a.h.c.HelloSpringBootApplication [SpringApplication.java:593] No active profile set, falling back to default profiles: default
2018-06-07 05:12:19,387 INFO [background-preinit] o.h.v.i.u.Version [Version.java:30] HV000001: Hibernate Validator 5.3.6.Final
2018-06-07 05:12:19,421 INFO [main] o.s.b.c.e.AnnotationConfigEmbeddedWebApplicationContext [AbstractApplicationContext.java:583] Refreshing org.springframework.boot.context.embedded.AnnotationConfigEmbeddedWebApplicationContext@6107227e: startup date [Thu Jun 07 05:12:19 KST 2018]; root of context hierarchy
2018-06-07 05:12:20,670 INFO [main] o.s.b.c.e.t.TomcatEmbeddedServletContainer [TomcatEmbeddedServletContainer.java:92] Tomcat initialized with port(s): 9000 (http)
2018-06-07 05:12:20,684 INFO [main] o.a.c.h.Http11NioProtocol [DirectJDKLog.java:180] Initializing ProtocolHandler ["http-nio-9000"]
2018-06-07 05:12:20,695 INFO [main] o.a.c.c.StandardService [DirectJDKLog.java:180] Starting service [Tomcat]
2018-06-07 05:12:20,695 INFO [main] o.a.c.c.StandardEngine [DirectJDKLog.java:180] Starting Servlet Engine: Apache Tomcat/8.5.31
2018-06-07 05:12:20,812 INFO [localhost-startStop-1] o.a.c.c.C.[.[.[/] [DirectJDKLog.java:180] Initializing Spring embedded WebApplicationContext
2018-06-07 05:12:20,813 INFO [localhost-startStop-1] o.s.w.c.ContextLoader [EmbeddedWebApplicationContext.java:276] Root WebApplicationContext: initialization completed in 1395 ms
2018-06-07 05:12:21,024 INFO [localhost-startStop-1] o.s.b.w.s.FilterRegistrationBean [AbstractFilterRegistrationBean.java:258] Mapping filter: 'characterEncodingFilter' to: [/*]
2018-06-07 05:12:21,025 INFO [localhost-startStop-1] o.s.b.w.s.FilterRegistrationBean [AbstractFilterRegistrationBean.java:258] Mapping filter: 'hiddenHttpMethodFilter' to: [/*]
2018-06-07 05:12:21,026 INFO [localhost-startStop-1] o.s.b.w.s.FilterRegistrationBean [AbstractFilterRegistrationBean.java:258] Mapping filter: 'httpPutFormContentFilter' to: [/*]
2018-06-07 05:12:21,026 INFO [localhost-startStop-1] o.s.b.w.s.FilterRegistrationBean [AbstractFilterRegistrationBean.java:258] Mapping filter: 'requestContextFilter' to: [/*]
2018-06-07 05:12:21,028 INFO [localhost-startStop-1] o.s.b.w.s.DelegatingFilterProxyRegistrationBean [AbstractFilterRegistrationBean.java:258] Mapping filter: 'springSecurityFilterChain' to: [/*]
2018-06-07 05:12:21,028 INFO [localhost-startStop-1] o.s.b.w.s.ServletRegistrationBean [ServletRegistrationBean.java:190] Mapping servlet: 'dispatcherServlet' to [/]
2018-06-07 05:12:21,249 INFO [main] o.s.b.a.s.AuthenticationManagerConfiguration [AuthenticationManagerConfiguration.java:173] 

Using default security password: ce24d9ff-e42f-4dd3-862b-cb18be0f5186

2018-06-07 05:12:21,386 INFO [main] o.s.s.w.DefaultSecurityFilterChain [DefaultSecurityFilterChain.java:43] Creating filter chain: org.springframework.security.web.util.matcher.AnyRequestMatcher@1, [org.springframework.security.web.context.request.async.WebAsyncManagerIntegrationFilter@352e612e, org.springframework.security.web.context.SecurityContextPersistenceFilter@4fcc529, org.springframework.security.web.header.HeaderWriterFilter@3e598df9, org.springframework.security.web.authentication.logout.LogoutFilter@7b22ec89, org.springframework.security.web.savedrequest.RequestCacheAwareFilter@4beddc56, org.springframework.security.web.servletapi.SecurityContextHolderAwareRequestFilter@78dc4696, org.springframework.security.web.authentication.AnonymousAuthenticationFilter@65f00478, org.springframework.security.web.session.SessionManagementFilter@111610e6, org.springframework.security.web.access.ExceptionTranslationFilter@607b2792, org.springframework.security.web.access.intercept.FilterSecurityInterceptor@2c42b421]
2018-06-07 05:12:21,623 INFO [main] o.s.w.s.m.m.a.RequestMappingHandlerAdapter [RequestMappingHandlerAdapter.java:534] Looking for @ControllerAdvice: org.springframework.boot.context.embedded.AnnotationConfigEmbeddedWebApplicationContext@6107227e: startup date [Thu Jun 07 05:12:19 KST 2018]; root of context hierarchy
2018-06-07 05:12:21,701 INFO [main] o.s.w.s.m.m.a.RequestMappingHandlerMapping [AbstractHandlerMethodMapping.java:543] Mapped "{[/],methods=[GET]}" onto public java.lang.String kr.ac.hansung.cse.controller.HomeController.home(org.springframework.ui.Model)
2018-06-07 05:12:21,704 INFO [main] o.s.w.s.m.m.a.RequestMappingHandlerMapping [AbstractHandlerMethodMapping.java:543] Mapped "{[/error]}" onto public org.springframework.http.ResponseEntity<java.util.Map<java.lang.String, java.lang.Object>> org.springframework.boot.autoconfigure.web.BasicErrorController.error(javax.servlet.http.HttpServletRequest)
2018-06-07 05:12:21,705 INFO [main] o.s.w.s.m.m.a.RequestMappingHandlerMapping [AbstractHandlerMethodMapping.java:543] Mapped "{[/error],produces=[text/html]}" onto public org.springframework.web.servlet.ModelAndView org.springframework.boot.autoconfigure.web.BasicErrorController.errorHtml(javax.servlet.http.HttpServletRequest,javax.servlet.http.HttpServletResponse)
2018-06-07 05:12:21,741 INFO [main] o.s.w.s.h.SimpleUrlHandlerMapping [AbstractUrlHandlerMapping.java:362] Mapped URL path [/webjars/**] onto handler of type [class org.springframework.web.servlet.resource.ResourceHttpRequestHandler]
2018-06-07 05:12:21,741 INFO [main] o.s.w.s.h.SimpleUrlHandlerMapping [AbstractUrlHandlerMapping.java:362] Mapped URL path [/**] onto handler of type [class org.springframework.web.servlet.resource.ResourceHttpRequestHandler]
2018-06-07 05:12:21,788 INFO [main] o.s.w.s.h.SimpleUrlHandlerMapping [AbstractUrlHandlerMapping.java:362] Mapped URL path [/**/favicon.ico] onto handler of type [class org.springframework.web.servlet.resource.ResourceHttpRequestHandler]
2018-06-07 05:12:22,251 INFO [main] o.s.j.e.a.AnnotationMBeanExporter [MBeanExporter.java:431] Registering beans for JMX exposure on startup
2018-06-07 05:12:22,270 INFO [main] o.a.c.h.Http11NioProtocol [DirectJDKLog.java:180] Starting ProtocolHandler ["http-nio-9000"]
2018-06-07 05:12:22,285 INFO [main] o.a.t.u.n.NioSelectorPool [DirectJDKLog.java:180] Using a shared selector for servlet write/read
2018-06-07 05:12:22,299 INFO [main] o.s.b.c.e.t.TomcatEmbeddedServletContainer [TomcatEmbeddedServletContainer.java:216] Tomcat started on port(s): 9000 (http)
2018-06-07 05:12:22,306 INFO [main] k.a.h.c.HelloSpringBootApplication [StartupInfoLogger.java:57] Started HelloSpringBootApplication in 3.238 seconds (JVM running for 3.951)
2018-06-07 05:20:24,663 INFO [RMI TCP Connection(2)-127.0.0.1] o.s.b.a.SpringApplicationAdminMXBeanRegistrar$SpringApplicationAdmin [SpringApplicationAdminMXBeanRegistrar.java:125] Application shutdown requested.
2018-06-07 05:20:24,664 INFO [RMI TCP Connection(2)-127.0.0.1] o.s.b.c.e.AnnotationConfigEmbeddedWebApplicationContext [AbstractApplicationContext.java:984] Closing org.springframework.boot.context.embedded.AnnotationConfigEmbeddedWebApplicationContext@6107227e: startup date [Thu Jun 07 05:12:19 KST 2018]; root of context hierarchy
2018-06-07 05:20:24,666 INFO [RMI TCP Connection(2)-127.0.0.1] o.s.j.e.a.AnnotationMBeanExporter [MBeanExporter.java:449] Unregistering JMX-exposed beans on shutdown
2018-06-07 19:13:27,934 INFO [main] k.a.h.c.HelloSpringBootApplication [StartupInfoLogger.java:48] Starting HelloSpringBootApplication on DESKTOP-JES43GO with PID 11836 (C:\Users\khl08\Desktop\web\dev\workspace\helloSpringBoot\target\classes started by Haneul in C:\Users\khl08\Desktop\web\dev\workspace\helloSpringBoot)
2018-06-07 19:13:27,937 DEBUG [main] k.a.h.c.HelloSpringBootApplication [StartupInfoLogger.java:51] Running with Spring Boot v1.5.13.RELEASE, Spring v4.3.17.RELEASE
2018-06-07 19:13:27,937 INFO [main] k.a.h.c.HelloSpringBootApplication [SpringApplication.java:593] No active profile set, falling back to default profiles: default
2018-06-07 19:13:28,096 INFO [background-preinit] o.h.v.i.u.Version [Version.java:30] HV000001: Hibernate Validator 5.3.6.Final
2018-06-07 19:13:28,120 INFO [main] o.s.b.c.e.AnnotationConfigEmbeddedWebApplicationContext [AbstractApplicationContext.java:583] Refreshing org.springframework.boot.context.embedded.AnnotationConfigEmbeddedWebApplicationContext@38c5cc4c: startup date [Thu Jun 07 19:13:28 KST 2018]; root of context hierarchy
2018-06-07 19:13:28,978 INFO [main] o.s.c.s.PostProcessorRegistrationDelegate$BeanPostProcessorChecker [PostProcessorRegistrationDelegate.java:327] Bean 'org.springframework.transaction.annotation.ProxyTransactionManagementConfiguration' of type [org.springframework.transaction.annotation.ProxyTransactionManagementConfiguration$$EnhancerBySpringCGLIB$$196ac0d9] is not eligible for getting processed by all BeanPostProcessors (for example: not eligible for auto-proxying)
2018-06-07 19:13:29,414 INFO [main] o.s.b.c.e.t.TomcatEmbeddedServletContainer [TomcatEmbeddedServletContainer.java:92] Tomcat initialized with port(s): 9000 (http)
2018-06-07 19:13:29,429 INFO [main] o.a.c.h.Http11NioProtocol [DirectJDKLog.java:180] Initializing ProtocolHandler ["http-nio-9000"]
2018-06-07 19:13:29,438 INFO [main] o.a.c.c.StandardService [DirectJDKLog.java:180] Starting service [Tomcat]
2018-06-07 19:13:29,439 INFO [main] o.a.c.c.StandardEngine [DirectJDKLog.java:180] Starting Servlet Engine: Apache Tomcat/8.5.31
2018-06-07 19:13:29,537 INFO [localhost-startStop-1] o.a.c.c.C.[.[.[/] [DirectJDKLog.java:180] Initializing Spring embedded WebApplicationContext
2018-06-07 19:13:29,537 INFO [localhost-startStop-1] o.s.w.c.ContextLoader [EmbeddedWebApplicationContext.java:276] Root WebApplicationContext: initialization completed in 1420 ms
2018-06-07 19:13:29,702 INFO [localhost-startStop-1] o.s.b.w.s.FilterRegistrationBean [AbstractFilterRegistrationBean.java:258] Mapping filter: 'characterEncodingFilter' to: [/*]
2018-06-07 19:13:29,703 INFO [localhost-startStop-1] o.s.b.w.s.FilterRegistrationBean [AbstractFilterRegistrationBean.java:258] Mapping filter: 'hiddenHttpMethodFilter' to: [/*]
2018-06-07 19:13:29,704 INFO [localhost-startStop-1] o.s.b.w.s.FilterRegistrationBean [AbstractFilterRegistrationBean.java:258] Mapping filter: 'httpPutFormContentFilter' to: [/*]
2018-06-07 19:13:29,704 INFO [localhost-startStop-1] o.s.b.w.s.FilterRegistrationBean [AbstractFilterRegistrationBean.java:258] Mapping filter: 'requestContextFilter' to: [/*]
2018-06-07 19:13:29,705 INFO [localhost-startStop-1] o.s.b.w.s.DelegatingFilterProxyRegistrationBean [AbstractFilterRegistrationBean.java:258] Mapping filter: 'springSecurityFilterChain' to: [/*]
2018-06-07 19:13:29,706 INFO [localhost-startStop-1] o.s.b.w.s.ServletRegistrationBean [ServletRegistrationBean.java:190] Mapping servlet: 'dispatcherServlet' to [/]
2018-06-07 19:13:30,140 INFO [main] o.s.o.j.LocalContainerEntityManagerFactoryBean [LocalContainerEntityManagerFactoryBean.java:356] Building JPA container EntityManagerFactory for persistence unit 'default'
2018-06-07 19:13:30,153 INFO [main] o.h.j.i.u.LogHelper [LogHelper.java:31] HHH000204: Processing PersistenceUnitInfo [
	name: default
	...]
2018-06-07 19:13:30,223 INFO [main] o.h.Version [Version.java:37] HHH000412: Hibernate Core {5.0.12.Final}
2018-06-07 19:13:30,224 INFO [main] o.h.c.Environment [Environment.java:213] HHH000206: hibernate.properties not found
2018-06-07 19:13:30,225 INFO [main] o.h.c.Environment [Environment.java:317] HHH000021: Bytecode provider name : javassist
2018-06-07 19:13:30,261 INFO [main] o.h.a.c.Version [JavaReflectionManager.java:66] HCANN000001: Hibernate Commons Annotations {5.0.1.Final}
2018-06-07 19:13:30,348 INFO [main] o.h.d.Dialect [Dialect.java:156] HHH000400: Using dialect: org.hibernate.dialect.MySQL5Dialect
2018-06-07 19:13:30,896 INFO [main] o.h.t.h.SchemaExport [SchemaExport.java:400] HHH000227: Running hbm2ddl schema export
2018-06-07 19:13:30,946 INFO [main] o.h.t.h.SchemaExport [SchemaExport.java:464] HHH000230: Schema export complete
2018-06-07 19:13:31,008 INFO [main] o.s.o.j.LocalContainerEntityManagerFactoryBean [AbstractEntityManagerFactoryBean.java:414] Initialized JPA EntityManagerFactory for persistence unit 'default'
2018-06-07 19:13:31,189 INFO [main] o.s.b.a.s.AuthenticationManagerConfiguration [AuthenticationManagerConfiguration.java:173] 

Using default security password: 1f36e9fa-cc2c-48f2-99c8-c13bf79c5c53

2018-06-07 19:13:31,289 INFO [main] o.s.s.w.DefaultSecurityFilterChain [DefaultSecurityFilterChain.java:43] Creating filter chain: org.springframework.security.web.util.matcher.AnyRequestMatcher@1, [org.springframework.security.web.context.request.async.WebAsyncManagerIntegrationFilter@3d40a3b4, org.springframework.security.web.context.SecurityContextPersistenceFilter@2785db06, org.springframework.security.web.header.HeaderWriterFilter@22d7fd41, org.springframework.security.web.authentication.logout.LogoutFilter@73894c5a, org.springframework.security.web.savedrequest.RequestCacheAwareFilter@35d60381, org.springframework.security.web.servletapi.SecurityContextHolderAwareRequestFilter@602f8f94, org.springframework.security.web.authentication.AnonymousAuthenticationFilter@7f13811b, org.springframework.security.web.session.SessionManagementFilter@1cc8416a, org.springframework.security.web.access.ExceptionTranslationFilter@996a546, org.springframework.security.web.access.intercept.FilterSecurityInterceptor@ac91282]
2018-06-07 19:13:31,646 INFO [main] o.s.w.s.m.m.a.RequestMappingHandlerAdapter [RequestMappingHandlerAdapter.java:534] Looking for @ControllerAdvice: org.springframework.boot.context.embedded.AnnotationConfigEmbeddedWebApplicationContext@38c5cc4c: startup date [Thu Jun 07 19:13:28 KST 2018]; root of context hierarchy
2018-06-07 19:13:31,702 INFO [main] o.s.w.s.m.m.a.RequestMappingHandlerMapping [AbstractHandlerMethodMapping.java:543] Mapped "{[/],methods=[GET]}" onto public java.lang.String kr.ac.hansung.cse.controller.HomeController.home(org.springframework.ui.Model)
2018-06-07 19:13:31,705 INFO [main] o.s.w.s.m.m.a.RequestMappingHandlerMapping [AbstractHandlerMethodMapping.java:543] Mapped "{[/error]}" onto public org.springframework.http.ResponseEntity<java.util.Map<java.lang.String, java.lang.Object>> org.springframework.boot.autoconfigure.web.BasicErrorController.error(javax.servlet.http.HttpServletRequest)
2018-06-07 19:13:31,705 INFO [main] o.s.w.s.m.m.a.RequestMappingHandlerMapping [AbstractHandlerMethodMapping.java:543] Mapped "{[/error],produces=[text/html]}" onto public org.springframework.web.servlet.ModelAndView org.springframework.boot.autoconfigure.web.BasicErrorController.errorHtml(javax.servlet.http.HttpServletRequest,javax.servlet.http.HttpServletResponse)
2018-06-07 19:13:31,732 INFO [main] o.s.w.s.h.SimpleUrlHandlerMapping [AbstractUrlHandlerMapping.java:362] Mapped URL path [/webjars/**] onto handler of type [class org.springframework.web.servlet.resource.ResourceHttpRequestHandler]
2018-06-07 19:13:31,733 INFO [main] o.s.w.s.h.SimpleUrlHandlerMapping [AbstractUrlHandlerMapping.java:362] Mapped URL path [/**] onto handler of type [class org.springframework.web.servlet.resource.ResourceHttpRequestHandler]
2018-06-07 19:13:31,793 INFO [main] o.s.w.s.h.SimpleUrlHandlerMapping [AbstractUrlHandlerMapping.java:362] Mapped URL path [/**/favicon.ico] onto handler of type [class org.springframework.web.servlet.resource.ResourceHttpRequestHandler]
2018-06-07 19:13:32,191 INFO [main] o.s.j.e.a.AnnotationMBeanExporter [MBeanExporter.java:431] Registering beans for JMX exposure on startup
2018-06-07 19:13:32,205 INFO [main] o.a.c.h.Http11NioProtocol [DirectJDKLog.java:180] Starting ProtocolHandler ["http-nio-9000"]
2018-06-07 19:13:32,220 INFO [main] o.a.t.u.n.NioSelectorPool [DirectJDKLog.java:180] Using a shared selector for servlet write/read
2018-06-07 19:13:32,232 INFO [main] o.s.b.c.e.t.TomcatEmbeddedServletContainer [TomcatEmbeddedServletContainer.java:216] Tomcat started on port(s): 9000 (http)
2018-06-07 19:13:32,236 INFO [main] k.a.h.c.HelloSpringBootApplication [StartupInfoLogger.java:57] Started HelloSpringBootApplication in 4.484 seconds (JVM running for 5.218)
2018-06-07 19:13:48,238 INFO [http-nio-9000-exec-1] o.a.c.c.C.[.[.[/] [DirectJDKLog.java:180] Initializing Spring FrameworkServlet 'dispatcherServlet'
2018-06-07 19:13:48,238 INFO [http-nio-9000-exec-1] o.s.w.s.DispatcherServlet [FrameworkServlet.java:489] FrameworkServlet 'dispatcherServlet': initialization started
2018-06-07 19:13:48,262 INFO [http-nio-9000-exec-1] o.s.w.s.DispatcherServlet [FrameworkServlet.java:508] FrameworkServlet 'dispatcherServlet': initialization completed in 23 ms
2018-06-07 19:13:48,303 DEBUG [http-nio-9000-exec-1] k.a.h.c.c.HomeController [HomeController.java:18] Calling home( )
2018-06-07 19:13:48,317 INFO [http-nio-9000-exec-1] o.t.TemplateEngine [TemplateEngine.java:825] [THYMELEAF] INITIALIZING TEMPLATE ENGINE
2018-06-07 19:13:48,354 INFO [http-nio-9000-exec-1] o.t.t.AbstractTemplateResolver [AbstractTemplateResolver.java:99] [THYMELEAF] INITIALIZING TEMPLATE RESOLVER: org.thymeleaf.spring4.templateresolver.SpringResourceTemplateResolver
2018-06-07 19:13:48,355 INFO [http-nio-9000-exec-1] o.t.t.AbstractTemplateResolver [AbstractTemplateResolver.java:110] [THYMELEAF] TEMPLATE RESOLVER INITIALIZED OK
2018-06-07 19:13:48,355 INFO [http-nio-9000-exec-1] o.t.m.AbstractMessageResolver [AbstractMessageResolver.java:72] [THYMELEAF] INITIALIZING MESSAGE RESOLVER: org.thymeleaf.spring4.messageresolver.SpringMessageResolver
2018-06-07 19:13:48,355 INFO [http-nio-9000-exec-1] o.t.m.AbstractMessageResolver [AbstractMessageResolver.java:78] [THYMELEAF] MESSAGE RESOLVER INITIALIZED OK
2018-06-07 19:13:48,359 INFO [http-nio-9000-exec-1] o.t.T.CONFIG [ConfigurationPrinterHelper.java:123] [THYMELEAF] TEMPLATE ENGINE CONFIGURATION:
[THYMELEAF] * Cache Factory implementation: org.thymeleaf.cache.StandardCacheManager
[THYMELEAF] * Template modes:
[THYMELEAF]     * XHTML
[THYMELEAF]     * XML
[THYMELEAF]     * HTML5
[THYMELEAF]     * VALIDXHTML
[THYMELEAF]     * LEGACYHTML5
[THYMELEAF]     * VALIDXML
[THYMELEAF] * Template resolvers (in order):
[THYMELEAF]     * org.thymeleaf.spring4.templateresolver.SpringResourceTemplateResolver
[THYMELEAF] * Message resolvers (in order):
[THYMELEAF]     * org.thymeleaf.spring4.messageresolver.SpringMessageResolver
[THYMELEAF] * Dialect [1 of 2]: org.thymeleaf.spring4.dialect.SpringStandardDialect
[THYMELEAF]     * Prefix: "th"
[THYMELEAF] * Dialect [2 of 2]: nz.net.ultraq.thymeleaf.LayoutDialect
[THYMELEAF]     * Prefix: "layout"
[THYMELEAF] TEMPLATE ENGINE CONFIGURED OK
2018-06-07 19:13:48,359 INFO [http-nio-9000-exec-1] o.t.TemplateEngine [TemplateEngine.java:838] [THYMELEAF] TEMPLATE ENGINE INITIALIZED
2018-06-07 19:15:19,438 INFO [RMI TCP Connection(2)-127.0.0.1] o.s.b.a.SpringApplicationAdminMXBeanRegistrar$SpringApplicationAdmin [SpringApplicationAdminMXBeanRegistrar.java:125] Application shutdown requested.
2018-06-07 19:15:19,439 INFO [RMI TCP Connection(2)-127.0.0.1] o.s.b.c.e.AnnotationConfigEmbeddedWebApplicationContext [AbstractApplicationContext.java:984] Closing org.springframework.boot.context.embedded.AnnotationConfigEmbeddedWebApplicationContext@38c5cc4c: startup date [Thu Jun 07 19:13:28 KST 2018]; root of context hierarchy
2018-06-07 19:15:19,441 INFO [RMI TCP Connection(2)-127.0.0.1] o.s.j.e.a.AnnotationMBeanExporter [MBeanExporter.java:449] Unregistering JMX-exposed beans on shutdown
2018-06-07 19:15:19,443 INFO [RMI TCP Connection(2)-127.0.0.1] o.s.o.j.LocalContainerEntityManagerFactoryBean [AbstractEntityManagerFactoryBean.java:590] Closing JPA EntityManagerFactory for persistence unit 'default'
2018-06-07 19:15:22,228 INFO [main] k.a.h.c.HelloSpringBootApplication [StartupInfoLogger.java:48] Starting HelloSpringBootApplication on DESKTOP-JES43GO with PID 7908 (C:\Users\khl08\Desktop\web\dev\workspace\helloSpringBoot\target\classes started by Haneul in C:\Users\khl08\Desktop\web\dev\workspace\helloSpringBoot)
2018-06-07 19:15:22,231 DEBUG [main] k.a.h.c.HelloSpringBootApplication [StartupInfoLogger.java:51] Running with Spring Boot v1.5.13.RELEASE, Spring v4.3.17.RELEASE
2018-06-07 19:15:22,231 INFO [main] k.a.h.c.HelloSpringBootApplication [SpringApplication.java:593] No active profile set, falling back to default profiles: default
2018-06-07 19:15:22,374 INFO [background-preinit] o.h.v.i.u.Version [Version.java:30] HV000001: Hibernate Validator 5.3.6.Final
2018-06-07 19:15:22,395 INFO [main] o.s.b.c.e.AnnotationConfigEmbeddedWebApplicationContext [AbstractApplicationContext.java:583] Refreshing org.springframework.boot.context.embedded.AnnotationConfigEmbeddedWebApplicationContext@38c5cc4c: startup date [Thu Jun 07 19:15:22 KST 2018]; root of context hierarchy
2018-06-07 19:15:23,177 INFO [main] o.s.c.s.PostProcessorRegistrationDelegate$BeanPostProcessorChecker [PostProcessorRegistrationDelegate.java:327] Bean 'org.springframework.transaction.annotation.ProxyTransactionManagementConfiguration' of type [org.springframework.transaction.annotation.ProxyTransactionManagementConfiguration$$EnhancerBySpringCGLIB$$9092473a] is not eligible for getting processed by all BeanPostProcessors (for example: not eligible for auto-proxying)
2018-06-07 19:15:23,470 INFO [main] o.s.b.c.e.t.TomcatEmbeddedServletContainer [TomcatEmbeddedServletContainer.java:92] Tomcat initialized with port(s): 9000 (http)
2018-06-07 19:15:23,481 INFO [main] o.a.c.h.Http11NioProtocol [DirectJDKLog.java:180] Initializing ProtocolHandler ["http-nio-9000"]
2018-06-07 19:15:23,490 INFO [main] o.a.c.c.StandardService [DirectJDKLog.java:180] Starting service [Tomcat]
2018-06-07 19:15:23,490 INFO [main] o.a.c.c.StandardEngine [DirectJDKLog.java:180] Starting Servlet Engine: Apache Tomcat/8.5.31
2018-06-07 19:15:23,575 INFO [localhost-startStop-1] o.a.c.c.C.[.[.[/] [DirectJDKLog.java:180] Initializing Spring embedded WebApplicationContext
2018-06-07 19:15:23,575 INFO [localhost-startStop-1] o.s.w.c.ContextLoader [EmbeddedWebApplicationContext.java:276] Root WebApplicationContext: initialization completed in 1182 ms
2018-06-07 19:15:23,709 INFO [localhost-startStop-1] o.s.b.w.s.FilterRegistrationBean [AbstractFilterRegistrationBean.java:258] Mapping filter: 'characterEncodingFilter' to: [/*]
2018-06-07 19:15:23,710 INFO [localhost-startStop-1] o.s.b.w.s.FilterRegistrationBean [AbstractFilterRegistrationBean.java:258] Mapping filter: 'hiddenHttpMethodFilter' to: [/*]
2018-06-07 19:15:23,710 INFO [localhost-startStop-1] o.s.b.w.s.FilterRegistrationBean [AbstractFilterRegistrationBean.java:258] Mapping filter: 'httpPutFormContentFilter' to: [/*]
2018-06-07 19:15:23,711 INFO [localhost-startStop-1] o.s.b.w.s.FilterRegistrationBean [AbstractFilterRegistrationBean.java:258] Mapping filter: 'requestContextFilter' to: [/*]
2018-06-07 19:15:23,711 INFO [localhost-startStop-1] o.s.b.w.s.DelegatingFilterProxyRegistrationBean [AbstractFilterRegistrationBean.java:258] Mapping filter: 'springSecurityFilterChain' to: [/*]
2018-06-07 19:15:23,712 INFO [localhost-startStop-1] o.s.b.w.s.ServletRegistrationBean [ServletRegistrationBean.java:190] Mapping servlet: 'dispatcherServlet' to [/]
2018-06-07 19:15:24,154 INFO [main] o.s.o.j.LocalContainerEntityManagerFactoryBean [LocalContainerEntityManagerFactoryBean.java:356] Building JPA container EntityManagerFactory for persistence unit 'default'
2018-06-07 19:15:24,164 INFO [main] o.h.j.i.u.LogHelper [LogHelper.java:31] HHH000204: Processing PersistenceUnitInfo [
	name: default
	...]
2018-06-07 19:15:24,221 INFO [main] o.h.Version [Version.java:37] HHH000412: Hibernate Core {5.0.12.Final}
2018-06-07 19:15:24,223 INFO [main] o.h.c.Environment [Environment.java:213] HHH000206: hibernate.properties not found
2018-06-07 19:15:24,224 INFO [main] o.h.c.Environment [Environment.java:317] HHH000021: Bytecode provider name : javassist
2018-06-07 19:15:24,257 INFO [main] o.h.a.c.Version [JavaReflectionManager.java:66] HCANN000001: Hibernate Commons Annotations {5.0.1.Final}
2018-06-07 19:15:24,339 INFO [main] o.h.d.Dialect [Dialect.java:156] HHH000400: Using dialect: org.hibernate.dialect.MySQL5Dialect
2018-06-07 19:15:24,724 INFO [main] o.h.t.h.SchemaExport [SchemaExport.java:400] HHH000227: Running hbm2ddl schema export
2018-06-07 19:15:24,810 INFO [main] o.h.t.h.SchemaExport [SchemaExport.java:464] HHH000230: Schema export complete
2018-06-07 19:15:24,830 INFO [main] o.s.o.j.LocalContainerEntityManagerFactoryBean [AbstractEntityManagerFactoryBean.java:414] Initialized JPA EntityManagerFactory for persistence unit 'default'
2018-06-07 19:15:24,994 INFO [main] o.s.b.a.s.AuthenticationManagerConfiguration [AuthenticationManagerConfiguration.java:173] 

Using default security password: 20a0a5dc-93db-4927-957e-5aaeb2ee3f62

2018-06-07 19:15:25,079 INFO [main] o.s.s.w.DefaultSecurityFilterChain [DefaultSecurityFilterChain.java:43] Creating filter chain: org.springframework.security.web.util.matcher.AnyRequestMatcher@1, [org.springframework.security.web.context.request.async.WebAsyncManagerIntegrationFilter@59fc6d05, org.springframework.security.web.context.SecurityContextPersistenceFilter@35d60381, org.springframework.security.web.header.HeaderWriterFilter@19fd43da, org.springframework.security.web.authentication.logout.LogoutFilter@7a9ceddf, org.springframework.security.web.savedrequest.RequestCacheAwareFilter@61ffd148, org.springframework.security.web.servletapi.SecurityContextHolderAwareRequestFilter@4dfe8b37, org.springframework.security.web.authentication.AnonymousAuthenticationFilter@78307a56, org.springframework.security.web.session.SessionManagementFilter@2e5e6fc4, org.springframework.security.web.access.ExceptionTranslationFilter@545b5ed0, org.springframework.security.web.access.intercept.FilterSecurityInterceptor@1ca610a0]
2018-06-07 19:15:25,268 INFO [main] o.s.j.d.i.ScriptUtils [ScriptUtils.java:443] Executing SQL script from URL [file:/C:/Users/khl08/Desktop/web/dev/workspace/helloSpringBoot/target/classes/data.sql]
2018-06-07 19:15:25,278 INFO [main] o.s.j.d.i.ScriptUtils [ScriptUtils.java:509] Executed SQL script from URL [file:/C:/Users/khl08/Desktop/web/dev/workspace/helloSpringBoot/target/classes/data.sql] in 10 ms.
2018-06-07 19:15:25,464 INFO [main] o.s.w.s.m.m.a.RequestMappingHandlerAdapter [RequestMappingHandlerAdapter.java:534] Looking for @ControllerAdvice: org.springframework.boot.context.embedded.AnnotationConfigEmbeddedWebApplicationContext@38c5cc4c: startup date [Thu Jun 07 19:15:22 KST 2018]; root of context hierarchy
2018-06-07 19:15:25,524 INFO [main] o.s.w.s.m.m.a.RequestMappingHandlerMapping [AbstractHandlerMethodMapping.java:543] Mapped "{[/],methods=[GET]}" onto public java.lang.String kr.ac.hansung.cse.controller.HomeController.home(org.springframework.ui.Model)
2018-06-07 19:15:25,527 INFO [main] o.s.w.s.m.m.a.RequestMappingHandlerMapping [AbstractHandlerMethodMapping.java:543] Mapped "{[/error]}" onto public org.springframework.http.ResponseEntity<java.util.Map<java.lang.String, java.lang.Object>> org.springframework.boot.autoconfigure.web.BasicErrorController.error(javax.servlet.http.HttpServletRequest)
2018-06-07 19:15:25,527 INFO [main] o.s.w.s.m.m.a.RequestMappingHandlerMapping [AbstractHandlerMethodMapping.java:543] Mapped "{[/error],produces=[text/html]}" onto public org.springframework.web.servlet.ModelAndView org.springframework.boot.autoconfigure.web.BasicErrorController.errorHtml(javax.servlet.http.HttpServletRequest,javax.servlet.http.HttpServletResponse)
2018-06-07 19:15:25,555 INFO [main] o.s.w.s.h.SimpleUrlHandlerMapping [AbstractUrlHandlerMapping.java:362] Mapped URL path [/webjars/**] onto handler of type [class org.springframework.web.servlet.resource.ResourceHttpRequestHandler]
2018-06-07 19:15:25,556 INFO [main] o.s.w.s.h.SimpleUrlHandlerMapping [AbstractUrlHandlerMapping.java:362] Mapped URL path [/**] onto handler of type [class org.springframework.web.servlet.resource.ResourceHttpRequestHandler]
2018-06-07 19:15:25,595 INFO [main] o.s.w.s.h.SimpleUrlHandlerMapping [AbstractUrlHandlerMapping.java:362] Mapped URL path [/**/favicon.ico] onto handler of type [class org.springframework.web.servlet.resource.ResourceHttpRequestHandler]
2018-06-07 19:15:26,145 INFO [main] o.s.j.e.a.AnnotationMBeanExporter [MBeanExporter.java:431] Registering beans for JMX exposure on startup
2018-06-07 19:15:26,160 INFO [main] o.a.c.h.Http11NioProtocol [DirectJDKLog.java:180] Starting ProtocolHandler ["http-nio-9000"]
2018-06-07 19:15:26,169 INFO [main] o.a.t.u.n.NioSelectorPool [DirectJDKLog.java:180] Using a shared selector for servlet write/read
2018-06-07 19:15:26,180 INFO [main] o.s.b.c.e.t.TomcatEmbeddedServletContainer [TomcatEmbeddedServletContainer.java:216] Tomcat started on port(s): 9000 (http)
2018-06-07 19:15:26,185 INFO [main] k.a.h.c.HelloSpringBootApplication [StartupInfoLogger.java:57] Started HelloSpringBootApplication in 4.121 seconds (JVM running for 4.888)
2018-06-07 19:33:17,625 INFO [RMI TCP Connection(2)-127.0.0.1] o.s.b.a.SpringApplicationAdminMXBeanRegistrar$SpringApplicationAdmin [SpringApplicationAdminMXBeanRegistrar.java:125] Application shutdown requested.
2018-06-07 19:33:17,626 INFO [RMI TCP Connection(2)-127.0.0.1] o.s.b.c.e.AnnotationConfigEmbeddedWebApplicationContext [AbstractApplicationContext.java:984] Closing org.springframework.boot.context.embedded.AnnotationConfigEmbeddedWebApplicationContext@38c5cc4c: startup date [Thu Jun 07 19:15:22 KST 2018]; root of context hierarchy
2018-06-07 19:33:17,628 INFO [RMI TCP Connection(2)-127.0.0.1] o.s.j.e.a.AnnotationMBeanExporter [MBeanExporter.java:449] Unregistering JMX-exposed beans on shutdown
2018-06-07 19:33:17,629 INFO [RMI TCP Connection(2)-127.0.0.1] o.s.o.j.LocalContainerEntityManagerFactoryBean [AbstractEntityManagerFactoryBean.java:590] Closing JPA EntityManagerFactory for persistence unit 'default'
2018-06-07 19:33:20,362 INFO [main] k.a.h.c.HelloSpringBootApplication [StartupInfoLogger.java:48] Starting HelloSpringBootApplication on DESKTOP-JES43GO with PID 6400 (C:\Users\khl08\Desktop\web\dev\workspace\helloSpringBoot\target\classes started by Haneul in C:\Users\khl08\Desktop\web\dev\workspace\helloSpringBoot)
2018-06-07 19:33:20,364 DEBUG [main] k.a.h.c.HelloSpringBootApplication [StartupInfoLogger.java:51] Running with Spring Boot v1.5.13.RELEASE, Spring v4.3.17.RELEASE
2018-06-07 19:33:20,365 INFO [main] k.a.h.c.HelloSpringBootApplication [SpringApplication.java:593] No active profile set, falling back to default profiles: default
2018-06-07 19:33:20,534 INFO [background-preinit] o.h.v.i.u.Version [Version.java:30] HV000001: Hibernate Validator 5.3.6.Final
2018-06-07 19:33:20,570 INFO [main] o.s.b.c.e.AnnotationConfigEmbeddedWebApplicationContext [AbstractApplicationContext.java:583] Refreshing org.springframework.boot.context.embedded.AnnotationConfigEmbeddedWebApplicationContext@38c5cc4c: startup date [Thu Jun 07 19:33:20 KST 2018]; root of context hierarchy
2018-06-07 19:33:21,457 INFO [main] o.s.c.s.PostProcessorRegistrationDelegate$BeanPostProcessorChecker [PostProcessorRegistrationDelegate.java:327] Bean 'org.springframework.transaction.annotation.ProxyTransactionManagementConfiguration' of type [org.springframework.transaction.annotation.ProxyTransactionManagementConfiguration$$EnhancerBySpringCGLIB$$a78dc64c] is not eligible for getting processed by all BeanPostProcessors (for example: not eligible for auto-proxying)
2018-06-07 19:33:21,796 INFO [main] o.s.b.c.e.t.TomcatEmbeddedServletContainer [TomcatEmbeddedServletContainer.java:92] Tomcat initialized with port(s): 9000 (http)
2018-06-07 19:33:21,806 INFO [main] o.a.c.h.Http11NioProtocol [DirectJDKLog.java:180] Initializing ProtocolHandler ["http-nio-9000"]
2018-06-07 19:33:21,824 INFO [main] o.a.c.c.StandardService [DirectJDKLog.java:180] Starting service [Tomcat]
2018-06-07 19:33:21,824 INFO [main] o.a.c.c.StandardEngine [DirectJDKLog.java:180] Starting Servlet Engine: Apache Tomcat/8.5.31
2018-06-07 19:33:21,934 INFO [localhost-startStop-1] o.a.c.c.C.[.[.[/] [DirectJDKLog.java:180] Initializing Spring embedded WebApplicationContext
2018-06-07 19:33:21,935 INFO [localhost-startStop-1] o.s.w.c.ContextLoader [EmbeddedWebApplicationContext.java:276] Root WebApplicationContext: initialization completed in 1368 ms
2018-06-07 19:33:22,067 INFO [localhost-startStop-1] o.s.b.w.s.FilterRegistrationBean [AbstractFilterRegistrationBean.java:258] Mapping filter: 'characterEncodingFilter' to: [/*]
2018-06-07 19:33:22,068 INFO [localhost-startStop-1] o.s.b.w.s.FilterRegistrationBean [AbstractFilterRegistrationBean.java:258] Mapping filter: 'hiddenHttpMethodFilter' to: [/*]
2018-06-07 19:33:22,068 INFO [localhost-startStop-1] o.s.b.w.s.FilterRegistrationBean [AbstractFilterRegistrationBean.java:258] Mapping filter: 'httpPutFormContentFilter' to: [/*]
2018-06-07 19:33:22,068 INFO [localhost-startStop-1] o.s.b.w.s.FilterRegistrationBean [AbstractFilterRegistrationBean.java:258] Mapping filter: 'requestContextFilter' to: [/*]
2018-06-07 19:33:22,069 INFO [localhost-startStop-1] o.s.b.w.s.DelegatingFilterProxyRegistrationBean [AbstractFilterRegistrationBean.java:258] Mapping filter: 'springSecurityFilterChain' to: [/*]
2018-06-07 19:33:22,069 INFO [localhost-startStop-1] o.s.b.w.s.ServletRegistrationBean [ServletRegistrationBean.java:190] Mapping servlet: 'dispatcherServlet' to [/]
2018-06-07 19:33:22,489 INFO [main] o.s.o.j.LocalContainerEntityManagerFactoryBean [LocalContainerEntityManagerFactoryBean.java:356] Building JPA container EntityManagerFactory for persistence unit 'default'
2018-06-07 19:33:22,501 INFO [main] o.h.j.i.u.LogHelper [LogHelper.java:31] HHH000204: Processing PersistenceUnitInfo [
	name: default
	...]
2018-06-07 19:33:22,561 INFO [main] o.h.Version [Version.java:37] HHH000412: Hibernate Core {5.0.12.Final}
2018-06-07 19:33:22,562 INFO [main] o.h.c.Environment [Environment.java:213] HHH000206: hibernate.properties not found
2018-06-07 19:33:22,563 INFO [main] o.h.c.Environment [Environment.java:317] HHH000021: Bytecode provider name : javassist
2018-06-07 19:33:22,596 INFO [main] o.h.a.c.Version [JavaReflectionManager.java:66] HCANN000001: Hibernate Commons Annotations {5.0.1.Final}
2018-06-07 19:33:22,688 INFO [main] o.h.d.Dialect [Dialect.java:156] HHH000400: Using dialect: org.hibernate.dialect.MySQL5Dialect
2018-06-07 19:33:23,075 INFO [main] o.h.t.h.SchemaExport [SchemaExport.java:400] HHH000227: Running hbm2ddl schema export
2018-06-07 19:33:23,149 INFO [main] o.h.t.h.SchemaExport [SchemaExport.java:464] HHH000230: Schema export complete
2018-06-07 19:33:23,170 INFO [main] o.s.o.j.LocalContainerEntityManagerFactoryBean [AbstractEntityManagerFactoryBean.java:414] Initialized JPA EntityManagerFactory for persistence unit 'default'
2018-06-07 19:33:23,292 INFO [main] o.s.j.d.i.ScriptUtils [ScriptUtils.java:443] Executing SQL script from URL [file:/C:/Users/khl08/Desktop/web/dev/workspace/helloSpringBoot/target/classes/data.sql]
2018-06-07 19:33:23,304 INFO [main] o.s.j.d.i.ScriptUtils [ScriptUtils.java:509] Executed SQL script from URL [file:/C:/Users/khl08/Desktop/web/dev/workspace/helloSpringBoot/target/classes/data.sql] in 12 ms.
2018-06-07 19:33:23,530 INFO [main] o.s.b.a.s.AuthenticationManagerConfiguration [AuthenticationManagerConfiguration.java:173] 

Using default security password: 46274741-354a-433f-afdf-e663ce577526

2018-06-07 19:33:23,638 INFO [main] o.s.s.w.DefaultSecurityFilterChain [DefaultSecurityFilterChain.java:43] Creating filter chain: org.springframework.security.web.util.matcher.AnyRequestMatcher@1, [org.springframework.security.web.context.request.async.WebAsyncManagerIntegrationFilter@521441d5, org.springframework.security.web.context.SecurityContextPersistenceFilter@b0f2d91, org.springframework.security.web.header.HeaderWriterFilter@66749eea, org.springframework.security.web.authentication.logout.LogoutFilter@52b959df, org.springframework.security.web.savedrequest.RequestCacheAwareFilter@15c6027d, org.springframework.security.web.servletapi.SecurityContextHolderAwareRequestFilter@1f4f0fcc, org.springframework.security.web.authentication.AnonymousAuthenticationFilter@592ca48c, org.springframework.security.web.session.SessionManagementFilter@19dc0d32, org.springframework.security.web.access.ExceptionTranslationFilter@7015ebef, org.springframework.security.web.access.intercept.FilterSecurityInterceptor@1f10fec6]
2018-06-07 19:33:23,864 INFO [main] o.s.w.s.m.m.a.RequestMappingHandlerAdapter [RequestMappingHandlerAdapter.java:534] Looking for @ControllerAdvice: org.springframework.boot.context.embedded.AnnotationConfigEmbeddedWebApplicationContext@38c5cc4c: startup date [Thu Jun 07 19:33:20 KST 2018]; root of context hierarchy
2018-06-07 19:33:23,924 INFO [main] o.s.w.s.m.m.a.RequestMappingHandlerMapping [AbstractHandlerMethodMapping.java:543] Mapped "{[/api/customers],methods=[GET],produces=[application/json]}" onto public org.springframework.http.ResponseEntity<java.util.List<kr.ac.hansung.cse.model.Customer>> kr.ac.hansung.cse.controller.CustomerController.getAll()
2018-06-07 19:33:23,926 INFO [main] o.s.w.s.m.m.a.RequestMappingHandlerMapping [AbstractHandlerMethodMapping.java:543] Mapped "{[/api/customers/{id}],methods=[DELETE]}" onto public org.springframework.http.ResponseEntity<java.lang.Void> kr.ac.hansung.cse.controller.CustomerController.deleteCustomer(long)
2018-06-07 19:33:23,927 INFO [main] o.s.w.s.m.m.a.RequestMappingHandlerMapping [AbstractHandlerMethodMapping.java:543] Mapped "{[/api/customers/{lastName}],methods=[GET],produces=[application/json]}" onto public org.springframework.http.ResponseEntity<java.util.List<kr.ac.hansung.cse.model.Customer>> kr.ac.hansung.cse.controller.CustomerController.findByLastName(java.lang.String)
2018-06-07 19:33:23,928 INFO [main] o.s.w.s.m.m.a.RequestMappingHandlerMapping [AbstractHandlerMethodMapping.java:543] Mapped "{[/api/customers],methods=[POST]}" onto public org.springframework.http.ResponseEntity<java.lang.Void> kr.ac.hansung.cse.controller.CustomerController.postCustomer(kr.ac.hansung.cse.model.Customer)
2018-06-07 19:33:23,928 INFO [main] o.s.w.s.m.m.a.RequestMappingHandlerMapping [AbstractHandlerMethodMapping.java:543] Mapped "{[/],methods=[GET]}" onto public java.lang.String kr.ac.hansung.cse.controller.HomeController.home(org.springframework.ui.Model)
2018-06-07 19:33:23,931 INFO [main] o.s.w.s.m.m.a.RequestMappingHandlerMapping [AbstractHandlerMethodMapping.java:543] Mapped "{[/error]}" onto public org.springframework.http.ResponseEntity<java.util.Map<java.lang.String, java.lang.Object>> org.springframework.boot.autoconfigure.web.BasicErrorController.error(javax.servlet.http.HttpServletRequest)
2018-06-07 19:33:23,931 INFO [main] o.s.w.s.m.m.a.RequestMappingHandlerMapping [AbstractHandlerMethodMapping.java:543] Mapped "{[/error],produces=[text/html]}" onto public org.springframework.web.servlet.ModelAndView org.springframework.boot.autoconfigure.web.BasicErrorController.errorHtml(javax.servlet.http.HttpServletRequest,javax.servlet.http.HttpServletResponse)
2018-06-07 19:33:23,958 INFO [main] o.s.w.s.h.SimpleUrlHandlerMapping [AbstractUrlHandlerMapping.java:362] Mapped URL path [/webjars/**] onto handler of type [class org.springframework.web.servlet.resource.ResourceHttpRequestHandler]
2018-06-07 19:33:23,958 INFO [main] o.s.w.s.h.SimpleUrlHandlerMapping [AbstractUrlHandlerMapping.java:362] Mapped URL path [/**] onto handler of type [class org.springframework.web.servlet.resource.ResourceHttpRequestHandler]
2018-06-07 19:33:24,000 INFO [main] o.s.w.s.h.SimpleUrlHandlerMapping [AbstractUrlHandlerMapping.java:362] Mapped URL path [/**/favicon.ico] onto handler of type [class org.springframework.web.servlet.resource.ResourceHttpRequestHandler]
2018-06-07 19:33:24,393 INFO [main] o.s.j.e.a.AnnotationMBeanExporter [MBeanExporter.java:431] Registering beans for JMX exposure on startup
2018-06-07 19:33:24,406 INFO [main] o.a.c.h.Http11NioProtocol [DirectJDKLog.java:180] Starting ProtocolHandler ["http-nio-9000"]
2018-06-07 19:33:24,415 INFO [main] o.a.t.u.n.NioSelectorPool [DirectJDKLog.java:180] Using a shared selector for servlet write/read
2018-06-07 19:33:24,426 INFO [main] o.s.b.c.e.t.TomcatEmbeddedServletContainer [TomcatEmbeddedServletContainer.java:216] Tomcat started on port(s): 9000 (http)
2018-06-07 19:33:24,430 INFO [main] k.a.h.c.HelloSpringBootApplication [StartupInfoLogger.java:57] Started HelloSpringBootApplication in 4.232 seconds (JVM running for 4.924)
2018-06-07 19:33:36,766 INFO [http-nio-9000-exec-1] o.a.c.c.C.[.[.[/] [DirectJDKLog.java:180] Initializing Spring FrameworkServlet 'dispatcherServlet'
2018-06-07 19:33:36,766 INFO [http-nio-9000-exec-1] o.s.w.s.DispatcherServlet [FrameworkServlet.java:489] FrameworkServlet 'dispatcherServlet': initialization started
2018-06-07 19:33:36,782 INFO [http-nio-9000-exec-1] o.s.w.s.DispatcherServlet [FrameworkServlet.java:508] FrameworkServlet 'dispatcherServlet': initialization completed in 16 ms
2018-06-07 19:33:36,810 DEBUG [http-nio-9000-exec-1] k.a.h.c.c.CustomerController [CustomerController.java:35] Calling getAll( )
2018-06-07 19:33:36,830 INFO [http-nio-9000-exec-1] o.h.h.i.QueryTranslatorFactoryInitiator [QueryTranslatorFactoryInitiator.java:47] HHH000397: Using ASTQueryTranslatorFactory
2018-06-07 19:34:35,661 DEBUG [http-nio-9000-exec-2] k.a.h.c.c.CustomerController [CustomerController.java:35] Calling getAll( )
2018-06-07 19:34:53,367 DEBUG [http-nio-9000-exec-4] k.a.h.c.c.CustomerController [CustomerController.java:63] Calling findByLastName( )
2018-06-07 19:35:00,190 DEBUG [http-nio-9000-exec-5] k.a.h.c.c.CustomerController [CustomerController.java:63] Calling findByLastName( )
2018-06-07 19:35:47,003 WARN [http-nio-9000-exec-6] o.s.w.s.PageNotFound [DefaultHandlerExceptionResolver.java:221] Request method 'POST' not supported
2018-06-07 19:35:58,625 WARN [http-nio-9000-exec-7] o.s.w.s.m.s.DefaultHandlerExceptionResolver [DefaultHandlerExceptionResolver.java:390] Failed to read HTTP message: org.springframework.http.converter.HttpMessageNotReadableException: JSON parse error: Can not deserialize instance of kr.ac.hansung.cse.model.Customer out of START_ARRAY token; nested exception is com.fasterxml.jackson.databind.JsonMappingException: Can not deserialize instance of kr.ac.hansung.cse.model.Customer out of START_ARRAY token
 at [Source: java.io.PushbackInputStream@3d9f698c; line: 1, column: 1]
2018-06-07 19:36:18,817 WARN [http-nio-9000-exec-8] o.s.w.s.m.s.DefaultHandlerExceptionResolver [DefaultHandlerExceptionResolver.java:390] Failed to read HTTP message: org.springframework.http.converter.HttpMessageNotReadableException: JSON parse error: Can not deserialize instance of kr.ac.hansung.cse.model.Customer out of START_ARRAY token; nested exception is com.fasterxml.jackson.databind.JsonMappingException: Can not deserialize instance of kr.ac.hansung.cse.model.Customer out of START_ARRAY token
 at [Source: java.io.PushbackInputStream@13c1fbb9; line: 1, column: 1]
2018-06-07 19:36:31,640 DEBUG [http-nio-9000-exec-9] k.a.h.c.c.CustomerController [CustomerController.java:49] Calling postCustomer( )
2018-06-07 19:36:38,374 DEBUG [http-nio-9000-exec-10] k.a.h.c.c.CustomerController [CustomerController.java:35] Calling getAll( )
2018-06-07 19:37:07,059 DEBUG [http-nio-9000-exec-1] k.a.h.c.c.CustomerController [CustomerController.java:74] Calling deleteCustomer( )
2018-06-07 19:37:15,480 DEBUG [http-nio-9000-exec-2] k.a.h.c.c.CustomerController [CustomerController.java:35] Calling getAll( )
